<?xml version="1.0" encoding="UTF-8"?>
<!-- Generated by org.testng.reporters.JUnitReportReporter -->
<testsuite hostname="DESKTOP-GEN6HL4" failures="0" tests="2" name="testng.CreateLead" time="28.556" errors="0" timestamp="2023-05-22T11:22:44 IST" skipped="0">
  <testcase classname="testng.CreateLead" name="runTestCase" time="13.263"/>
  <system-out/>
  <testcase classname="testng.CreateLead" name="runTestCase" time="15.293"/>
  <system-out/>
</testsuite> <!-- testng.CreateLead -->
