<?xml version="1.0" encoding="UTF-8"?>
<!-- Generated by org.testng.reporters.JUnitReportReporter -->
<testsuite hostname="DESKTOP-GEN6HL4" failures="0" tests="3" name="testng.ExtentReport" time="6.506" errors="0" timestamp="2023-08-28T08:41:55 IST" skipped="0">
  <testcase classname="testng.ExtentReport" name="openMaven" time="3.571"/>
  <system-out/>
  <testcase classname="testng.ExtentReport" name="openBig" time="0.969"/>
  <system-out/>
  <testcase classname="testng.ExtentReport" name="openGoogle" time="1.966"/>
  <system-out/>
</testsuite> <!-- testng.ExtentReport -->
