<?xml version="1.0" encoding="UTF-8"?>
<!-- Generated by org.testng.reporters.JUnitReportReporter -->
<testsuite hostname="DESKTOP-GEN6HL4" failures="0" tests="1" name="testng.AmazonTest" time="0.001" errors="0" timestamp="2023-08-28T08:41:55 IST" skipped="0">
  <testcase classname="testng.AmazonTest" name="f" time="0.001"/>
  <system-out/>
</testsuite> <!-- testng.AmazonTest -->
