<?xml version="1.0" encoding="UTF-8"?>
<!-- Generated by org.testng.reporters.JUnitReportReporter -->
<testsuite hostname="DESKTOP-GEN6HL4" failures="0" tests="2" name="testng.DeleteLead" time="30.354" errors="0" timestamp="2023-05-22T11:22:44 IST" skipped="0">
  <testcase classname="testng.DeleteLead" name="runDeleteTest" time="14.623"/>
  <system-out/>
  <testcase classname="testng.DeleteLead" name="runDeleteTest" time="15.731"/>
  <system-out/>
</testsuite> <!-- testng.DeleteLead -->
