<?xml version="1.0" encoding="UTF-8"?>
<!-- Generated by org.testng.reporters.JUnitReportReporter -->
<testsuite hostname="DESKTOP-GEN6HL4" failures="0" tests="1" name="testng.Test1" time="0.008" errors="0" timestamp="2023-02-28T18:20:57 IST" skipped="0">
  <testcase classname="testng.Test1" name="test" time="0.008"/>
  <system-out/>
</testsuite> <!-- testng.Test1 -->
