<?xml version="1.0" encoding="UTF-8"?>
<!-- Generated by org.testng.reporters.JUnitReportReporter -->
<testsuite hostname="DESKTOP-GEN6HL4" failures="0" tests="2" name="testng.EditLead" time="33.125" errors="0" timestamp="2023-05-22T11:22:44 IST" skipped="0">
  <testcase classname="testng.EditLead" name="runTestData" time="17.270"/>
  <system-out/>
  <testcase classname="testng.EditLead" name="runTestData" time="15.855"/>
  <system-out/>
</testsuite> <!-- testng.EditLead -->
